4 213 242 293 208
6 271 12 256 272 151 2
7 259 156 141 126 206 132 183
5 265 59 94 257 175
8 180 75 68 112 288 135 49 274
6 282 10 152 196 1 149
9 296 185 181 106 154 233 153 84 130
9 0 285 114 101 98 43 143 77 165
8 95 243 119 201 205 104 123 173
7 111 219 67 228 71 240 247
8 216 121 11 16 223 155 178 278
11 212 127 96 258 48 25 289 252 97 189 169
10 13 290 63 244 170 89 131 142 69 52
9 161 260 214 140 83 292 297 37 9
11 54 85 284 73 42 35 266 215 262 279 211
10 80 224 50 207 70 138 78 145 47 194
12 249 15 245 204 295 27 190 287 250 176 30 186
12 116 226 146 197 160 283 124 238 192 120 251 229
11 203 21 39 241 177 237 81 5 182 231 46
12 294 148 107 281 14 209 61 139 20 55 100 270
11 276 273 217 82 236 163 6 248 31 280 17
9 103 162 19 174 298 269 235 264 66
8 74 113 102 202 158 76 255 115
10 92 125 277 239 157 23 147 90 45 51
8 62 150 32 28 195 93 118 291
8 133 105 60 79 40 254 109 199
7 159 218 198 91 128 3 22
6 144 200 188 29 26 117
6 136 227 18 232 230 253
4 87 171 129 191
4 164 58 57 268
5 167 137 261 64 86
6 108 72 210 44 172 122
7 88 220 225 187 267 166 222
4 41 4 38 53
4 184 7 193 263
3 110 134 56
2 275 246
2 8 24
2 168 286
2 34 299
1 99
0
0
0
0
0
0
0
0
0
0
0
0
0
0
0
0
0
0
0
0
0
0
0
0
0
0
0
0
0
0
0
0
0
0
0
0
0
0
0
0
0
0
0
0
0
0
0
0
0
0
0
0
0
0
0
0
0
0
