0 0 81 82 83 84 85 86 87 88
1 1 89 90 91 92 93 94 95 96
2 2 97 98 99 100 101 102 103 104
3 3 105 106 107 108 109 110 111 112
4 4 113 114 115 116 117 118 119 120
5 5 121 122 123 124 125 126 127 128
6 6 129 130 131 132 133 134 135 136
7 7 137 138 139 140 141 142 143 144
8 8 145 146 147 148 149 150 151 152
9 9 153 154 155 156 157 158 159 160
10 10 161 162 163 164 165 166 167 168
11 11 169 170 171 172 173 174 175 176
12 12 177 178 179 180 181 182 183 184
13 13 185 186 187 188 189 190 191 192
14 14 193 194 195 196 197 198 199 200
15 15 201 202 203 204 205 206 207 208
16 16 209 210 211 212 213 214 215 216
17 17 217 218 219 220 221 222 223 224
18 18 225 226 227 228 229 230 231 232
19 19 233 234 235 236 237 238 239 240
20 20 241 242 243 244 245 246 247 248
21 21 249 250 251 252 253 254 255 256
22 22 257 258 259 260 261 262 263 264
23 23 265 266 267 268 269 270 271 272
24 24 273 274 275 276 277 278 279 280
25 25 281 282 283 284 285 286 287 288
26 26 289 290 291 292 293 294 295 296
27 27 297 298 299 300 301 302 303 304
28 28 305 306 307 308 309 310 311 312
29 29 313 314 315 316 317 318 319 320
30 30 321 322 323 324 325 326 327 328
31 31 329 330 331 332 333 334 335 336
32 32 337 338 339 340 341 342 343 344
33 33 345 346 347 348 349 350 351 352
34 34 353 354 355 356 357 358 359 360
35 35 361 362 363 364 365 366 367 368
36 36 369 370 371 372 373 374 375 376
37 37 377 378 379 380 381 382 383 384
38 38 385 386 387 388 389 390 391 392
39 39 393 394 395 396 397 398 399 400
40 40 401 402 403 404 405 406 407 408
41 41 409 410 411 412 413 414 415 416
42 42 417 418 419 420 421 422 423 424
43 43 425 426 427 428 429 430 431 432
44 44 433 434 435 436 437 438 439 440
45 45 441 442 443 444 445 446 447 448
46 46 449 450 451 452 453 454 455 456
47 47 457 458 459 460 461 462 463 464
48 48 465 466 467 468 469 470 471 472
49 49 473 474 475 476 477 478 479 480
50 50 481 482 483 484 485 486 487 488
51 51 489 490 491 492 493 494 495 496
52 52 497 498 499 500 501 502 503 504
53 53 505 506 507 508 509 510 511 512
54 54 513 514 515 516 517 518 519 520
55 55 521 522 523 524 525 526 527 528
56 56 529 530 531 532 533 534 535 536
57 57 537 538 539 540 541 542 543 544
58 58 545 546 547 548 549 550 551 552
59 59 553 554 555 556 557 558 559 560
60 60 561 562 563 564 565 566 567 568
61 61 569 570 571 572 573 574 575 576
62 62 577 578 579 580 581 582 583 584
63 63 585 586 587 588 589 590 591 592
64 64 593 594 595 596 597 598 599 600
65 65 601 602 603 604 605 606 607 608
66 66 609 610 611 612 613 614 615 616
67 67 617 618 619 620 621 622 623 624
68 68 625 626 627 628 629 630 631 632
69 69 633 634 635 636 637 638 639 640
70 70 641 642 643 644 645 646 647 648
71 71 649 650 651 652 653 654 655 656
72 72 657 658 659 660 661 662 663 664
73 73 665 666 667 668 669 670 671 672
74 74 673 674 675 676 677 678 679 680
75 75 681 682 683 684 685 686 687 688
76 76 689 690 691 692 693 694 695 696
77 77 697 698 699 700 701 702 703 704
78 78 705 706 707 708 709 710 711 712
79 79 713 714 715 716 717 718 719 720
80 80 721 722 723 724 725 726 727 728
