2 7468 2591
2 8227 7206
2 7227 2736
2 4796 9489
2 7948 1855
2 2418 2573
2 3202 3560
2 9927 7581
2 4887 3491
2 5982 8253
2 8890 1880
2 9459 6517
2 7110 5059
2 8563 2007
2 7716 2660
2 2176 1817
2 9287 7600
2 9121 4027
2 8670 7433
4 1135 5071 6520 4374
2 5991 6527
2 2384 4471
2 7325 5903
2 8967 1000
3 3647 1339 3028
2 5480 6544
2 5091 4557
2 3539 492
2 476 7632
2 7013 978
3 3321 2528 2806
2 306 6686
2 2718 2887
2 2053 4483
3 3654 6753 9099
2 8088 8824
3 6321 1159 4301
3 4941 9451 7568
2 5983 820
2 8773 5226
2 8071 8596
2 3358 2758
2 8306 2939
3 1399 8730 1374
2 1192 9954
2 6190 1545
2 5441 9520
2 7575 9377
3 7804 4469 1015
2 6377 4793
2 1376 9359
2 8727 4996
2 773 7904
2 7678 8625
2 8303 1344
2 4646 2669
2 9483 3936
3 8965 3760 6600
2 4411 7025
2 4011 9824
2 180 3388
2 9723 3887
3 6039 2212 3207
2 1555 9049
4 3608 1067 4390 7182
2 9868 8433
3 4829 2346 9803
3 8192 5968 229
2 9925 3341
3 3708 8968 1626
2 563 2430
3 7444 4818 1107
3 3578 7061 7239
3 6252 7909 9999
2 7613 7773
3 364 2288 3111
3 719 1844 9569
3 1178 3696 5067
2 4679 5886
2 1381 2445
4 6879 9252 9750 1131
2 5513 807
4 9550 9763 2951 8070
2 4070 9515
2 4138 9530
2 9044 1114
2 3381 5578
2 872 9360
2 7122 5478
3 9251 3709 641
3 8184 1778 7621
4 7464 8402 4181 7992
3 8578 4528 7147
2 3827 5296
3 2297 1563 7760
2 4420 835
2 5553 7362
4 7355 3614 1706 5646
3 1208 4006 5891
3 1319 23 1087
3 7284 368 1452
3 5649 6591 6960
2 6090 6665
3 6912 6515 7809
3 6031 8605 8994
2 5444 7482
3 5371 4417 1691
3 7109 9186 7522
2 6463 9693
2 7990 3638
3 6403 873 7972
3 666 1023 3861
3 9349 3824 3870
3 311 2412 1190
3 1803 4736 437
3 8711 5969 3288
3 7347 7015 3507
2 4329 2866
3 499 9346 1022
4 5332 8788 6018 1680
3 1146 1027 2463
3 3147 1105 6834
3 3291 2486 1140
3 4520 3225 8895
3 7075 766 7937
2 9418 8330
4 7684 1246 6521 5449
2 4868 4022
2 7506 2620
3 4467 5780 240
2 8553 1973
2 310 1998
2 4588 3088
4 7453 6143 4898 6944
2 4838 8047
3 3362 7108 5979
5 7913 9249 1061 7519 9005
2 1922 6610
3 1874 3230 4949
3 2015 943 6441
2 6583 1284
3 7779 9019 4325
3 4717 6238 218
3 8719 1018 9967
2 1956 923
3 4644 8571 9910
3 7346 9914 3705
1 2448
2 1546 6
2 2709 2491
4 1529 4317 8722 7105
3 2177 2308 8046
4 9740 3252 5821 4795
1 5254
2 2541 7458
2 1785 5975
3 3729 3367 6365
2 8000 2499
4 7655 0 5953 2090
3 3086 5573 644
2 5985 1713
2 4604 8124
2 8422 8119
3 2265 5950 6631
3 8758 2099 4321
2 8111 89
3 7862 4048 7376
5 9913 1002 233 2593 2269
4 2751 174 8139 3737
4 3193 1143 1427 7771
5 9449 8878 5562 8397 2822
3 6745 5742 9601
3 6744 7432 6227
4 4352 5281 262 7053
5 9864 7383 4065 613 9921
4 1206 1695 389 1356
7 4948 2717 9579 5919 9509 3246 616
5 7379 1194 384 4052 995
3 8599 8982 1562
6 4836 1037 9372 4361 3298 1594
6 768 8546 5914 3161 6499 7713
5 908 3767 3272 1736 3324
7 211 2944 2359 3694 5813 2693 1602
7 1269 7196 4523 8245 6207 4337 5775
7 5245 2981 3751 7113 9519 9048 9648
6 4450 9436 1821 8929 8606 2940
7 4629 1776 6319 2812 594 2502 7290
6 7891 5679 9985 7483 3312 7767
7 8290 6208 1433 408 6129 1442 4580
8 549 39 3145 8679 1411 4419 9600 4922
6 5307 2171 1670 4559 8340 3755
7 5721 1421 3508 486 6988 605 5973
7 6913 3739 379 798 3389 1751 2851
8 8792 8102 1459 3774 388 264 1118 3134
5 3986 1789 9732 3809 1478
5 6548 789 7835 4191 3337
7 6076 9920 6855 4810 8815 6911 4054
5 8373 8793 2343 2191 5147
7 6647 894 3163 2237 9840 251 8865
7 6150 9109 8200 8886 576 1586 4177
6 2112 2710 6801 9258 6914 1682
10 3693 5295 1040 137 5317 584 5589 5325 1439 4929
10 3334 3557 7534 2977 5498 2678 454 879 6226 1293
8 3580 5382 7662 6382 2582 9663 4492 6934
7 1676 636 8632 9528 31 7844 5665
8 9289 8028 249 9021 3635 4500 8278 2408
7 854 7609 693 8975 2481 2411 5988
7 6200 8326 9754 4465 3926 6995 6559
9 6222 9636 2777 7153 1016 7218 6509 7997 3931
9 4435 6825 8950 5909 7940 1763 5705 8048 750
6 5437 2649 3516 7854 3890 446
8 6293 6762 688 6692 350 5141 7068 8762
7 9744 7097 7528 8661 3964 3903 5198
10 6541 7373 4255 7119 742 8244 4438 8809 1652 2300
7 3030 799 6904 1610 3178 9541 3504
10 4058 6607 6197 5858 3650 2654 9986 1642 7496 1507
6 7088 3027 4084 5533 6060 4865
7 6547 6910 1286 9848 8946 4005 5434
10 4214 8073 9702 5954 1959 5255 3515 1021 3536 9711
9 3833 1560 5134 4100 7280 8031 9301 7152 5661
9 3325 4068 3135 8348 3552 2825 2615 8080 8594
7 4709 9462 7599 1289 2747 5828 3791
6 8996 5140 9686 6348 7753 6080
7 9735 9463 7929 2476 6397 8490 6405
10 9563 5377 5711 6333 4405 318 3008 4774 8913 7899
7 9613 4744 1316 8958 4763 4476 2848
7 7957 4830 6581 5851 5669 6477 1426
7 3778 8173 25 2619 4275 4811 6518
11 457 9804 4249 9229 5169 4373 3315 8780 6514 8430 2853
7 8038 7778 905 4950 3633 2298 1758
9 6735 1422 4493 7680 9055 8568 9076 3620 5176
7 9817 8189 884 4412 8581 3265 8463
7 5557 8830 6298 600 940 6889 8251
9 3530 4470 5343 767 6622 2125 8319 8753 7855
9 6430 6484 8035 9403 6072 7703 7056 1088 1359
10 2166 6740 9737 4636 5864 4727 7275 9609 9253 6371
8 7314 881 5593 4802 7635 6845 3733 8215
10 3430 9090 7561 6480 81 7815 71 5344 4936 1615
9 3311 2954 7501 4135 6320 5997 6015 3850 7606
8 474 9897 7971 1513 5802 3742 4127 9922
10 8520 2074 9138 313 589 2510 1893 5561 1385 790
9 864 3104 867 4698 3061 3297 129 4320 7705
6 2147 5168 6114 5811 8276 5531
5 4043 6560 5639 5604 5883
7 3257 643 8297 8999 9642 7146 2862
8 8204 819 6245 684 3330 6614 1285 900
7 852 97 1666 581 6124 2172 1322
8 9503 415 2760 5658 9385 7947 3020 948
7 9072 3091 5000 258 9865 4530 4778
8 3433 3566 1842 8077 2896 712 1216 2134
9 5717 3758 4475 4939 9880 3689 5197 8718 5331
11 1978 3055 3655 9845 8099 7176 5734 9231 5910 1035 3741
7 7952 4913 2805 1416 9585 6170 925
7 6850 2882 7330 7658 1882 6127 7133
7 1186 7650 5635 5621 8240 5597 7688
11 6724 6327 6965 6597 935 6540 5556 6894 8356 5348 2032
7 9011 3669 7679 8394 9862 5776 5842
7 494 320 3438 4573 5570 8934 1892
6 6645 4772 9748 3810 7784 2983
9 7150 622 9548 5164 2759 4823 8230 6285 144
4 1113 624 687 2677
7 230 7924 8819 7367 3702 4925 722
7 1721 1177 5479 3320 440 6158 6322
9 1970 8239 6387 7711 9966 3957 5404 7368 757
7 7438 3685 723 1533 7050 8726 148
7 7988 3278 6362 8845 362 1009 5857
7 6399 9658 8935 8473 609 7601 2764
8 7535 9474 332 5732 9533 5072 432 4197
8 2556 5124 5350 6564 7511 18 8948 8543
7 5426 680 9687 7930 7127 4015 1808
9 6340 4819 1685 7037 3828 9471 9257 5138 7467
8 2480 5764 8254 9621 6217 1936 7059 5127
7 5064 3439 8881 1229 1481 438 4241
7 507 5008 813 9245 1400 7410 5877
9 7198 9071 5782 5391 8357 1108 9760 4122 9608
8 6794 6884 1512 9929 8906 1849 8949 2998
8 4863 6907 5394 8029 2876 6495 5334 9878
6 7707 952 4572 5346 831 6687
10 2589 6536 1102 5158 524 5171 776 3277 6644 6350
10 568 1046 3722 2214 6256 4175 4172 2454 8900 4023
9 9836 1709 285 5211 6259 1940 6616 5272 1881
9 9313 2735 8334 1428 6274 588 8341 5376 5412
6 6173 3292 7782 2630 6152 7181
9 212 7020 550 7630 1947 7497 6830 3848 5937
10 6244 8667 3232 8493 8857 620 9644 1333 5294 4445
11 1992 726 4205 7816 2523 3116 155 9943 3676 7836 548
10 1430 3740 5021 946 7195 5152 2474 8061 2858 2257
11 5920 1949 8620 9810 3296 9672 6543 592 2070 9184 5538
10 5887 4078 7380 209 183 9232 2549 5062 7733 5020
7 2056 194 6297 4051 1847 8704 8923
10 7329 2026 9160 2021 4415 4012 6225 4991 1633 6311
9 1326 7342 9649 7579 6680 9381 631 5653 2337
9 5693 2695 1835 3138 2768 4107 8759 4069 5461
11 3371 4507 8892 2132 2857 7536 2075 7200 329 1056 976
7 6699 2122 1538 14 5683 7720 1645
6 2684 1854 5326 9726 784 1705
7 493 5809 7556 3519 3624 3492 8666
7 5815 1132 5365 977 8389 1367 5616
6 3990 7363 6416 301 4281 5961
10 5868 5994 6793 7510 3805 9578 8153 1007 7524 6539
7 9392 3216 9153 1582 1180 5812 4286
10 9084 1228 9495 4584 657 4569 8471 6075 4844 6470
7 5662 4439 4000 1659 2698 9714 4662
9 8458 4482 5222 6462 2495 2984 5509 6349 7450
8 8940 1561 984 9933 8986 6104 7189 8654
11 1363 1111 9478 2330 5260 3432 8107 5762 4753 2155 5248
11 268 5934 6381 4121 8481 1889 5330 5384 189 7408 2902
8 6562 3731 4992 2561 3179 8561 8201 1699
7 8086 3699 1918 5898 6725 2487 702
8 4228 5794 7699 2092 2283 8202 5664 2964
5 6247 2285 8702 6099 4140
8 7267 2642 9456 9588 1077 488 4900 9461
9 9199 47 4433 9924 1554 7788 5895 1663 1120
10 1209 6966 8237 7014 8822 7671 9047 3703 579 3688
10 6694 4854 2782 5457 871 9682 4235 4231 464 2038
12 4494 6567 7934 7316 1524 4152 9788 5518 3227 4751 4599 3286
9 9497 4877 9100 8231 3056 6306 7744 6465 8572
7 6062 9397 4385 2063 8156 26 7985
8 2706 6974 4824 6887 5580 8885 2773 4987
8 76 967 5908 3166 2933 8891 73 3941
9 3090 400 2670 6563 5080 8565 8828 4212 7036
7 8342 8188 9376 2142 6868 9997 2096
9 856 7926 2680 5738 2162 539 1354 1341 2509
10 2031 4953 5250 4624 2923 288 2342 1703 78 8113
8 1431 7643 7125 3594 4174 324 5637 2936
11 7768 2470 2893 8995 5502 4123 243 2966 6214 3611 1887
6 3534 1474 8936 2405 6817 7476
9 7811 9784 698 5763 2749 6301 4261 7069 6828
10 8292 8902 5847 8194 8115 9083 7859 9664 5652 9770
10 4379 1346 35 2173 2645 5830 985 5320 1542 8304
11 4511 6239 8564 4840 5094 2004 5223 6501 9883 8538 8441
10 210 6133 928 2263 815 7659 5373 9146 762 1823
11 8509 4687 7019 3396 3512 7627 558 1303 21 8508 1599
9 4788 734 2240 686 1034 4380 8998 6769 8622
10 7657 8448 6618 6116 2406 7094 1772 6291 1579 3259
9 7319 8566 7102 9295 2546 9659 3844 6384 7700
7 991 1781 8006 4952 360 2251 7813
6 6160 6755 5608 9826 3959 7623
6 7610 8549 5475 2433 4862 926
8 8820 7090 4730 7775 1144 323 7242 4363
9 141 3169 2128 3368 1780 5980 5322 5470 1935
8 6630 5626 8170 7142 1225 1280 9756 1961
10 2216 156 9586 6009 43 2071 9540 4808 5471 6533
9 1755 3181 8298 3537 2124 7672 2136 9765 7393
6 6582 1033 9755 9338 685 6494
8 3398 7588 880 80 1623 5098 7878 8942
6 4074 6678 5801 538 6795 7343
9 7557 7078 2247 8010 5103 4672 6032 4678 962
9 6550 7490 7546 5532 9903 4510 4812 6717 9739
10 1142 1553 3952 582 8121 6431 8619 9398 7157 165
11 3779 3773 1944 7757 1860 9322 8344 4082 5949 1462 7986
12 8024 9402 921 8798 4204 6674 2018 4436 7520 4820 3889 8897
10 5540 6409 6102 3060 7747 8526 2592 1204 5758 1136
6 2315 4857 9833 3868 5819 9599
8 3540 6155 8284 3829 4144 1818 2376 2202
7 1024 7194 938 9894 1094 2091 2840
11 7663 2338 1051 2178 7071 3472 2894 3001 1878 8633 2138
11 7191 5017 4274 6669 3682 6282 1925 4931 6761 1473 5592
9 2742 9238 9179 1525 8064 651 8249 3081 2145
4 4072 2416 3229 913
4 1551 6287 6917 9831
8 5465 3338 7277 3570 4779 2922 1213 3517
11 6662 6004 7555 2754 5380 3323 5347 788 4548 8838 3427
6 4080 9026 5660 7521 4432 7739
9 497 8506 6602 2462 4773 4768 5232 3503 5333
11 4657 7174 7296 2729 7210 9453 367 1 535 2815 562
8 2774 5287 9152 9542 427 441 8837 6603
11 3527 7000 1323 6066 8410 4358 2668 3363 4735 1919 9058
10 533 957 9513 8009 2368 5181 2889 3256 2819 9567
10 1273 3445 4832 2461 7250 4625 4340 7023 9615 6994
11 8978 7193 8464 8767 3940 578 8851 9861 5834 828 8770
11 1492 1866 4704 6473 8609 4345 105 470 6046 1654 7789
11 6053 8167 5161 4561 442 3680 9741 1435 6576 8862 8611
11 3017 3453 6634 876 9547 6452 2428 6146 8218 3014 6093
11 4648 378 6946 9270 561 7248 6325 5820 1894 4364 9829
9 9267 435 8534 8672 1342 6363 5489 6035 836
13 6412 4586 6228 553 1252 3210 7516 9708 179 5178 6229 1347 5825
7 2790 4496 6972 604 7337 5840 6355
5 1660 8056 9580 9211 2540
8 1565 5306 6251 9856 1806 2844 7989 4716
7 3468 9102 4431 3728 7295 9639 9243
12 1697 4973 633 3211 4758 7352 9135 1464 3917 7978 2310 5850
12 6424 7884 8739 8447 9321 7259 4381 1819 8095 8888 2100 3571
9 8158 2000 5484 7387 2690 5431 7842 6019 8648
9 2881 8840 377 7962 7498 5221 7436 8374 54
8 8023 3905 7504 9081 9798 4252 9787 8331
8 2382 933 2765 4603 4468 2637 2795 4846
9 7229 9464 1042 3006 8224 3143 5010 770 8078
9 375 5517 9869 6125 8720 7478 9147 1744 2441
7 7994 216 6089 6880 6935 8947 1350
8 3496 4173 1423 2527 7850 4401 257 6212
9 8104 4150 4154 382 2599 8469 3634 2516 4799
9 825 7224 6596 5486 3900 351 188 5293 5977
9 9042 4940 6813 3209 2370 9653 2608 6840 3347
11 6575 9030 3354 4366 8335 5136 3548 3911 756 4972 3185
13 9901 7911 3603 849 3409 9899 6056 1358 8525 1074 5749 6241 8036
10 8207 2907 8459 3360 6511 4442 3637 4220 2697 2617
8 8182 7143 7706 5053 1219 3718 9484 8716
8 7585 3173 3752 3794 2003 4971 7051 5174
11 3442 6410 4635 7101 9092 4004 1321 6936 7673 4600 9312
