8 0 350 700 1050 1400 1750 2100 2450
8 1 351 701 1051 1401 1751 2101 2451
8 2 352 702 1052 1402 1752 2102 2452
8 3 353 703 1053 1403 1753 2103 2453
8 4 354 704 1054 1404 1754 2104 2454
8 5 355 705 1055 1405 1755 2105 2455
8 6 356 706 1056 1406 1756 2106 2456
8 7 357 707 1057 1407 1757 2107 2457
8 8 358 708 1058 1408 1758 2108 2458
8 9 359 709 1059 1409 1759 2109 2459
8 10 360 710 1060 1410 1760 2110 2460
8 11 361 711 1061 1411 1761 2111 2461
8 12 362 712 1062 1412 1762 2112 2462
8 13 363 713 1063 1413 1763 2113 2463
8 14 364 714 1064 1414 1764 2114 2464
8 15 365 715 1065 1415 1765 2115 2465
8 16 366 716 1066 1416 1766 2116 2466
8 17 367 717 1067 1417 1767 2117 2467
8 18 368 718 1068 1418 1768 2118 2468
8 19 369 719 1069 1419 1769 2119 2469
8 20 370 720 1070 1420 1770 2120 2470
8 21 371 721 1071 1421 1771 2121 2471
8 22 372 722 1072 1422 1772 2122 2472
8 23 373 723 1073 1423 1773 2123 2473
8 24 374 724 1074 1424 1774 2124 2474
8 25 375 725 1075 1425 1775 2125 2475
8 26 376 726 1076 1426 1776 2126 2476
8 27 377 727 1077 1427 1777 2127 2477
8 28 378 728 1078 1428 1778 2128 2478
8 29 379 729 1079 1429 1779 2129 2479
8 30 380 730 1080 1430 1780 2130 2480
8 31 381 731 1081 1431 1781 2131 2481
8 32 382 732 1082 1432 1782 2132 2482
8 33 383 733 1083 1433 1783 2133 2483
8 34 384 734 1084 1434 1784 2134 2484
8 35 385 735 1085 1435 1785 2135 2485
8 36 386 736 1086 1436 1786 2136 2486
8 37 387 737 1087 1437 1787 2137 2487
8 38 388 738 1088 1438 1788 2138 2488
8 39 389 739 1089 1439 1789 2139 2489
8 40 390 740 1090 1440 1790 2140 2490
8 41 391 741 1091 1441 1791 2141 2491
8 42 392 742 1092 1442 1792 2142 2492
8 43 393 743 1093 1443 1793 2143 2493
8 44 394 744 1094 1444 1794 2144 2494
8 45 395 745 1095 1445 1795 2145 2495
8 46 396 746 1096 1446 1796 2146 2496
8 47 397 747 1097 1447 1797 2147 2497
8 48 398 748 1098 1448 1798 2148 2498
8 49 399 749 1099 1449 1799 2149 2499
8 50 400 750 1100 1450 1800 2150 2500
8 51 401 751 1101 1451 1801 2151 2501
8 52 402 752 1102 1452 1802 2152 2502
8 53 403 753 1103 1453 1803 2153 2503
8 54 404 754 1104 1454 1804 2154 2504
8 55 405 755 1105 1455 1805 2155 2505
8 56 406 756 1106 1456 1806 2156 2506
8 57 407 757 1107 1457 1807 2157 2507
8 58 408 758 1108 1458 1808 2158 2508
8 59 409 759 1109 1459 1809 2159 2509
8 60 410 760 1110 1460 1810 2160 2510
8 61 411 761 1111 1461 1811 2161 2511
8 62 412 762 1112 1462 1812 2162 2512
8 63 413 763 1113 1463 1813 2163 2513
8 64 414 764 1114 1464 1814 2164 2514
8 65 415 765 1115 1465 1815 2165 2515
8 66 416 766 1116 1466 1816 2166 2516
8 67 417 767 1117 1467 1817 2167 2517
8 68 418 768 1118 1468 1818 2168 2518
8 69 419 769 1119 1469 1819 2169 2519
8 70 420 770 1120 1470 1820 2170 2520
8 71 421 771 1121 1471 1821 2171 2521
8 72 422 772 1122 1472 1822 2172 2522
8 73 423 773 1123 1473 1823 2173 2523
8 74 424 774 1124 1474 1824 2174 2524
8 75 425 775 1125 1475 1825 2175 2525
8 76 426 776 1126 1476 1826 2176 2526
8 77 427 777 1127 1477 1827 2177 2527
8 78 428 778 1128 1478 1828 2178 2528
8 79 429 779 1129 1479 1829 2179 2529
8 80 430 780 1130 1480 1830 2180 2530
8 81 431 781 1131 1481 1831 2181 2531
8 82 432 782 1132 1482 1832 2182 2532
8 83 433 783 1133 1483 1833 2183 2533
8 84 434 784 1134 1484 1834 2184 2534
8 85 435 785 1135 1485 1835 2185 2535
8 86 436 786 1136 1486 1836 2186 2536
8 87 437 787 1137 1487 1837 2187 2537
8 88 438 788 1138 1488 1838 2188 2538
8 89 439 789 1139 1489 1839 2189 2539
8 90 440 790 1140 1490 1840 2190 2540
8 91 441 791 1141 1491 1841 2191 2541
8 92 442 792 1142 1492 1842 2192 2542
8 93 443 793 1143 1493 1843 2193 2543
8 94 444 794 1144 1494 1844 2194 2544
8 95 445 795 1145 1495 1845 2195 2545
8 96 446 796 1146 1496 1846 2196 2546
8 97 447 797 1147 1497 1847 2197 2547
8 98 448 798 1148 1498 1848 2198 2548
8 99 449 799 1149 1499 1849 2199 2549
8 100 450 800 1150 1500 1850 2200 2550
8 101 451 801 1151 1501 1851 2201 2551
8 102 452 802 1152 1502 1852 2202 2552
8 103 453 803 1153 1503 1853 2203 2553
8 104 454 804 1154 1504 1854 2204 2554
8 105 455 805 1155 1505 1855 2205 2555
8 106 456 806 1156 1506 1856 2206 2556
8 107 457 807 1157 1507 1857 2207 2557
8 108 458 808 1158 1508 1858 2208 2558
8 109 459 809 1159 1509 1859 2209 2559
8 110 460 810 1160 1510 1860 2210 2560
8 111 461 811 1161 1511 1861 2211 2561
8 112 462 812 1162 1512 1862 2212 2562
8 113 463 813 1163 1513 1863 2213 2563
8 114 464 814 1164 1514 1864 2214 2564
8 115 465 815 1165 1515 1865 2215 2565
8 116 466 816 1166 1516 1866 2216 2566
8 117 467 817 1167 1517 1867 2217 2567
8 118 468 818 1168 1518 1868 2218 2568
8 119 469 819 1169 1519 1869 2219 2569
8 120 470 820 1170 1520 1870 2220 2570
8 121 471 821 1171 1521 1871 2221 2571
8 122 472 822 1172 1522 1872 2222 2572
8 123 473 823 1173 1523 1873 2223 2573
8 124 474 824 1174 1524 1874 2224 2574
8 125 475 825 1175 1525 1875 2225 2575
8 126 476 826 1176 1526 1876 2226 2576
8 127 477 827 1177 1527 1877 2227 2577
8 128 478 828 1178 1528 1878 2228 2578
8 129 479 829 1179 1529 1879 2229 2579
8 130 480 830 1180 1530 1880 2230 2580
8 131 481 831 1181 1531 1881 2231 2581
8 132 482 832 1182 1532 1882 2232 2582
8 133 483 833 1183 1533 1883 2233 2583
8 134 484 834 1184 1534 1884 2234 2584
8 135 485 835 1185 1535 1885 2235 2585
8 136 486 836 1186 1536 1886 2236 2586
8 137 487 837 1187 1537 1887 2237 2587
8 138 488 838 1188 1538 1888 2238 2588
8 139 489 839 1189 1539 1889 2239 2589
8 140 490 840 1190 1540 1890 2240 2590
8 141 491 841 1191 1541 1891 2241 2591
8 142 492 842 1192 1542 1892 2242 2592
8 143 493 843 1193 1543 1893 2243 2593
8 144 494 844 1194 1544 1894 2244 2594
8 145 495 845 1195 1545 1895 2245 2595
8 146 496 846 1196 1546 1896 2246 2596
8 147 497 847 1197 1547 1897 2247 2597
8 148 498 848 1198 1548 1898 2248 2598
8 149 499 849 1199 1549 1899 2249 2599
8 150 500 850 1200 1550 1900 2250 2600
8 151 501 851 1201 1551 1901 2251 2601
8 152 502 852 1202 1552 1902 2252 2602
8 153 503 853 1203 1553 1903 2253 2603
8 154 504 854 1204 1554 1904 2254 2604
8 155 505 855 1205 1555 1905 2255 2605
8 156 506 856 1206 1556 1906 2256 2606
8 157 507 857 1207 1557 1907 2257 2607
8 158 508 858 1208 1558 1908 2258 2608
8 159 509 859 1209 1559 1909 2259 2609
8 160 510 860 1210 1560 1910 2260 2610
8 161 511 861 1211 1561 1911 2261 2611
8 162 512 862 1212 1562 1912 2262 2612
8 163 513 863 1213 1563 1913 2263 2613
8 164 514 864 1214 1564 1914 2264 2614
8 165 515 865 1215 1565 1915 2265 2615
8 166 516 866 1216 1566 1916 2266 2616
8 167 517 867 1217 1567 1917 2267 2617
8 168 518 868 1218 1568 1918 2268 2618
8 169 519 869 1219 1569 1919 2269 2619
8 170 520 870 1220 1570 1920 2270 2620
8 171 521 871 1221 1571 1921 2271 2621
8 172 522 872 1222 1572 1922 2272 2622
8 173 523 873 1223 1573 1923 2273 2623
8 174 524 874 1224 1574 1924 2274 2624
8 175 525 875 1225 1575 1925 2275 2625
8 176 526 876 1226 1576 1926 2276 2626
8 177 527 877 1227 1577 1927 2277 2627
8 178 528 878 1228 1578 1928 2278 2628
8 179 529 879 1229 1579 1929 2279 2629
8 180 530 880 1230 1580 1930 2280 2630
8 181 531 881 1231 1581 1931 2281 2631
8 182 532 882 1232 1582 1932 2282 2632
8 183 533 883 1233 1583 1933 2283 2633
8 184 534 884 1234 1584 1934 2284 2634
8 185 535 885 1235 1585 1935 2285 2635
8 186 536 886 1236 1586 1936 2286 2636
8 187 537 887 1237 1587 1937 2287 2637
8 188 538 888 1238 1588 1938 2288 2638
8 189 539 889 1239 1589 1939 2289 2639
8 190 540 890 1240 1590 1940 2290 2640
8 191 541 891 1241 1591 1941 2291 2641
8 192 542 892 1242 1592 1942 2292 2642
8 193 543 893 1243 1593 1943 2293 2643
8 194 544 894 1244 1594 1944 2294 2644
8 195 545 895 1245 1595 1945 2295 2645
8 196 546 896 1246 1596 1946 2296 2646
8 197 547 897 1247 1597 1947 2297 2647
8 198 548 898 1248 1598 1948 2298 2648
8 199 549 899 1249 1599 1949 2299 2649
8 200 550 900 1250 1600 1950 2300 2650
8 201 551 901 1251 1601 1951 2301 2651
8 202 552 902 1252 1602 1952 2302 2652
8 203 553 903 1253 1603 1953 2303 2653
8 204 554 904 1254 1604 1954 2304 2654
8 205 555 905 1255 1605 1955 2305 2655
8 206 556 906 1256 1606 1956 2306 2656
8 207 557 907 1257 1607 1957 2307 2657
8 208 558 908 1258 1608 1958 2308 2658
8 209 559 909 1259 1609 1959 2309 2659
8 210 560 910 1260 1610 1960 2310 2660
8 211 561 911 1261 1611 1961 2311 2661
8 212 562 912 1262 1612 1962 2312 2662
8 213 563 913 1263 1613 1963 2313 2663
8 214 564 914 1264 1614 1964 2314 2664
8 215 565 915 1265 1615 1965 2315 2665
8 216 566 916 1266 1616 1966 2316 2666
8 217 567 917 1267 1617 1967 2317 2667
8 218 568 918 1268 1618 1968 2318 2668
8 219 569 919 1269 1619 1969 2319 2669
8 220 570 920 1270 1620 1970 2320 2670
8 221 571 921 1271 1621 1971 2321 2671
8 222 572 922 1272 1622 1972 2322 2672
8 223 573 923 1273 1623 1973 2323 2673
8 224 574 924 1274 1624 1974 2324 2674
8 225 575 925 1275 1625 1975 2325 2675
8 226 576 926 1276 1626 1976 2326 2676
8 227 577 927 1277 1627 1977 2327 2677
8 228 578 928 1278 1628 1978 2328 2678
8 229 579 929 1279 1629 1979 2329 2679
8 230 580 930 1280 1630 1980 2330 2680
8 231 581 931 1281 1631 1981 2331 2681
8 232 582 932 1282 1632 1982 2332 2682
8 233 583 933 1283 1633 1983 2333 2683
8 234 584 934 1284 1634 1984 2334 2684
8 235 585 935 1285 1635 1985 2335 2685
8 236 586 936 1286 1636 1986 2336 2686
8 237 587 937 1287 1637 1987 2337 2687
8 238 588 938 1288 1638 1988 2338 2688
8 239 589 939 1289 1639 1989 2339 2689
8 240 590 940 1290 1640 1990 2340 2690
8 241 591 941 1291 1641 1991 2341 2691
8 242 592 942 1292 1642 1992 2342 2692
8 243 593 943 1293 1643 1993 2343 2693
8 244 594 944 1294 1644 1994 2344 2694
8 245 595 945 1295 1645 1995 2345 2695
8 246 596 946 1296 1646 1996 2346 2696
8 247 597 947 1297 1647 1997 2347 2697
8 248 598 948 1298 1648 1998 2348 2698
8 249 599 949 1299 1649 1999 2349 2699
8 250 600 950 1300 1650 2000 2350 2700
8 251 601 951 1301 1651 2001 2351 2701
8 252 602 952 1302 1652 2002 2352 2702
8 253 603 953 1303 1653 2003 2353 2703
8 254 604 954 1304 1654 2004 2354 2704
8 255 605 955 1305 1655 2005 2355 2705
8 256 606 956 1306 1656 2006 2356 2706
8 257 607 957 1307 1657 2007 2357 2707
8 258 608 958 1308 1658 2008 2358 2708
8 259 609 959 1309 1659 2009 2359 2709
8 260 610 960 1310 1660 2010 2360 2710
8 261 611 961 1311 1661 2011 2361 2711
8 262 612 962 1312 1662 2012 2362 2712
8 263 613 963 1313 1663 2013 2363 2713
8 264 614 964 1314 1664 2014 2364 2714
8 265 615 965 1315 1665 2015 2365 2715
8 266 616 966 1316 1666 2016 2366 2716
8 267 617 967 1317 1667 2017 2367 2717
8 268 618 968 1318 1668 2018 2368 2718
8 269 619 969 1319 1669 2019 2369 2719
8 270 620 970 1320 1670 2020 2370 2720
8 271 621 971 1321 1671 2021 2371 2721
8 272 622 972 1322 1672 2022 2372 2722
8 273 623 973 1323 1673 2023 2373 2723
8 274 624 974 1324 1674 2024 2374 2724
8 275 625 975 1325 1675 2025 2375 2725
8 276 626 976 1326 1676 2026 2376 2726
8 277 627 977 1327 1677 2027 2377 2727
8 278 628 978 1328 1678 2028 2378 2728
8 279 629 979 1329 1679 2029 2379 2729
8 280 630 980 1330 1680 2030 2380 2730
8 281 631 981 1331 1681 2031 2381 2731
8 282 632 982 1332 1682 2032 2382 2732
8 283 633 983 1333 1683 2033 2383 2733
8 284 634 984 1334 1684 2034 2384 2734
8 285 635 985 1335 1685 2035 2385 2735
8 286 636 986 1336 1686 2036 2386 2736
8 287 637 987 1337 1687 2037 2387 2737
8 288 638 988 1338 1688 2038 2388 2738
8 289 639 989 1339 1689 2039 2389 2739
8 290 640 990 1340 1690 2040 2390 2740
8 291 641 991 1341 1691 2041 2391 2741
8 292 642 992 1342 1692 2042 2392 2742
8 293 643 993 1343 1693 2043 2393 2743
8 294 644 994 1344 1694 2044 2394 2744
8 295 645 995 1345 1695 2045 2395 2745
8 296 646 996 1346 1696 2046 2396 2746
8 297 647 997 1347 1697 2047 2397 2747
8 298 648 998 1348 1698 2048 2398 2748
8 299 649 999 1349 1699 2049 2399 2749
8 300 650 1000 1350 1700 2050 2400 2750
8 301 651 1001 1351 1701 2051 2401 2751
8 302 652 1002 1352 1702 2052 2402 2752
8 303 653 1003 1353 1703 2053 2403 2753
8 304 654 1004 1354 1704 2054 2404 2754
8 305 655 1005 1355 1705 2055 2405 2755
8 306 656 1006 1356 1706 2056 2406 2756
8 307 657 1007 1357 1707 2057 2407 2757
8 308 658 1008 1358 1708 2058 2408 2758
8 309 659 1009 1359 1709 2059 2409 2759
8 310 660 1010 1360 1710 2060 2410 2760
8 311 661 1011 1361 1711 2061 2411 2761
8 312 662 1012 1362 1712 2062 2412 2762
8 313 663 1013 1363 1713 2063 2413 2763
8 314 664 1014 1364 1714 2064 2414 2764
8 315 665 1015 1365 1715 2065 2415 2765
8 316 666 1016 1366 1716 2066 2416 2766
8 317 667 1017 1367 1717 2067 2417 2767
8 318 668 1018 1368 1718 2068 2418 2768
8 319 669 1019 1369 1719 2069 2419 2769
8 320 670 1020 1370 1720 2070 2420 2770
8 321 671 1021 1371 1721 2071 2421 2771
8 322 672 1022 1372 1722 2072 2422 2772
8 323 673 1023 1373 1723 2073 2423 2773
8 324 674 1024 1374 1724 2074 2424 2774
8 325 675 1025 1375 1725 2075 2425 2775
8 326 676 1026 1376 1726 2076 2426 2776
8 327 677 1027 1377 1727 2077 2427 2777
8 328 678 1028 1378 1728 2078 2428 2778
8 329 679 1029 1379 1729 2079 2429 2779
8 330 680 1030 1380 1730 2080 2430 2780
8 331 681 1031 1381 1731 2081 2431 2781
8 332 682 1032 1382 1732 2082 2432 2782
8 333 683 1033 1383 1733 2083 2433 2783
8 334 684 1034 1384 1734 2084 2434 2784
8 335 685 1035 1385 1735 2085 2435 2785
8 336 686 1036 1386 1736 2086 2436 2786
8 337 687 1037 1387 1737 2087 2437 2787
8 338 688 1038 1388 1738 2088 2438 2788
8 339 689 1039 1389 1739 2089 2439 2789
8 340 690 1040 1390 1740 2090 2440 2790
8 341 691 1041 1391 1741 2091 2441 2791
8 342 692 1042 1392 1742 2092 2442 2792
8 343 693 1043 1393 1743 2093 2443 2793
8 344 694 1044 1394 1744 2094 2444 2794
8 345 695 1045 1395 1745 2095 2445 2795
8 346 696 1046 1396 1746 2096 2446 2796
8 347 697 1047 1397 1747 2097 2447 2797
8 348 698 1048 1398 1748 2098 2448 2798
8 349 699 1049 1399 1749 2099 2449 2799
